2021-01-27T22:26:27.438+0800 I CONTROL  [main] Automatically disabling TLS 1.0, to force-enable TLS 1.0 specify --sslDisabledProtocols 'none'
2021-01-27T22:26:27.448+0800 I CONTROL  [initandlisten] MongoDB starting : pid=13902 port=27017 dbpath=./ 64-bit host=MacBook-Pro-zj.local
2021-01-27T22:26:27.448+0800 I CONTROL  [initandlisten] db version v4.0.9
2021-01-27T22:26:27.448+0800 I CONTROL  [initandlisten] git version: fc525e2d9b0e4bceff5c2201457e564362909765
2021-01-27T22:26:27.448+0800 I CONTROL  [initandlisten] allocator: system
2021-01-27T22:26:27.448+0800 I CONTROL  [initandlisten] modules: none
2021-01-27T22:26:27.448+0800 I CONTROL  [initandlisten] build environment:
2021-01-27T22:26:27.448+0800 I CONTROL  [initandlisten]     distarch: x86_64
2021-01-27T22:26:27.448+0800 I CONTROL  [initandlisten]     target_arch: x86_64
2021-01-27T22:26:27.448+0800 I CONTROL  [initandlisten] options: { storage: { dbPath: "./" }, systemLog: { destination: "file", path: "./log/mongod.log" } }
2021-01-27T22:26:27.450+0800 I STORAGE  [initandlisten] Detected data files in ./ created by the 'wiredTiger' storage engine, so setting the active storage engine to 'wiredTiger'.
2021-01-27T22:26:27.450+0800 I STORAGE  [initandlisten] wiredtiger_open config: create,cache_size=7680M,session_max=20000,eviction=(threads_min=4,threads_max=4),config_base=false,statistics=(fast),log=(enabled=true,archive=true,path=journal,compressor=snappy),file_manager=(close_idle_time=100000),statistics_log=(wait=0),verbose=(recovery_progress),
2021-01-27T22:26:27.987+0800 I STORAGE  [initandlisten] WiredTiger message [1611757587:987045][13902:0x1104d55c0], txn-recover: Main recovery loop: starting at 2/22528 to 3/256
2021-01-27T22:26:28.074+0800 I STORAGE  [initandlisten] WiredTiger message [1611757588:74027][13902:0x1104d55c0], txn-recover: Recovering log 2 through 3
2021-01-27T22:26:28.136+0800 I STORAGE  [initandlisten] WiredTiger message [1611757588:136553][13902:0x1104d55c0], txn-recover: Recovering log 3 through 3
2021-01-27T22:26:28.177+0800 I STORAGE  [initandlisten] WiredTiger message [1611757588:177921][13902:0x1104d55c0], txn-recover: Set global recovery timestamp: 0
2021-01-27T22:26:28.258+0800 I RECOVERY [initandlisten] WiredTiger recoveryTimestamp. Ts: Timestamp(0, 0)
2021-01-27T22:26:28.280+0800 I CONTROL  [initandlisten] 
2021-01-27T22:26:28.280+0800 I CONTROL  [initandlisten] ** WARNING: Access control is not enabled for the database.
2021-01-27T22:26:28.280+0800 I CONTROL  [initandlisten] **          Read and write access to data and configuration is unrestricted.
2021-01-27T22:26:28.280+0800 I CONTROL  [initandlisten] 
2021-01-27T22:26:28.280+0800 I CONTROL  [initandlisten] ** WARNING: This server is bound to localhost.
2021-01-27T22:26:28.281+0800 I CONTROL  [initandlisten] **          Remote systems will be unable to connect to this server. 
2021-01-27T22:26:28.281+0800 I CONTROL  [initandlisten] **          Start the server with --bind_ip <address> to specify which IP 
2021-01-27T22:26:28.281+0800 I CONTROL  [initandlisten] **          addresses it should serve responses from, or with --bind_ip_all to
2021-01-27T22:26:28.281+0800 I CONTROL  [initandlisten] **          bind to all interfaces. If this behavior is desired, start the
2021-01-27T22:26:28.281+0800 I CONTROL  [initandlisten] **          server with --bind_ip 127.0.0.1 to disable this warning.
2021-01-27T22:26:28.281+0800 I CONTROL  [initandlisten] 
2021-01-27T22:26:28.281+0800 I CONTROL  [initandlisten] 
2021-01-27T22:26:28.281+0800 I CONTROL  [initandlisten] ** WARNING: soft rlimits too low. Number of files is 256, should be at least 1000
2021-01-27T22:26:28.293+0800 I FTDC     [initandlisten] Initializing full-time diagnostic data capture with directory './diagnostic.data'
2021-01-27T22:26:28.295+0800 I NETWORK  [initandlisten] waiting for connections on port 27017
2021-01-27T22:26:37.954+0800 I CONTROL  [signalProcessingThread] got signal 2 (Interrupt: 2), will terminate after current cmd ends
2021-01-27T22:26:37.954+0800 I NETWORK  [signalProcessingThread] shutdown: going to close listening sockets...
2021-01-27T22:26:37.954+0800 I NETWORK  [signalProcessingThread] removing socket file: /tmp/mongodb-27017.sock
2021-01-27T22:26:37.955+0800 I CONTROL  [signalProcessingThread] Shutting down free monitoring
2021-01-27T22:26:37.955+0800 I FTDC     [signalProcessingThread] Shutting down full-time diagnostic data capture
2021-01-27T22:26:37.956+0800 I STORAGE  [signalProcessingThread] WiredTigerKVEngine shutting down
2021-01-27T22:26:37.962+0800 I STORAGE  [signalProcessingThread] Shutting down session sweeper thread
2021-01-27T22:26:37.963+0800 I STORAGE  [signalProcessingThread] Finished shutting down session sweeper thread
2021-01-27T22:26:38.072+0800 I STORAGE  [signalProcessingThread] shutdown: removing fs lock...
2021-01-27T22:26:38.072+0800 I CONTROL  [signalProcessingThread] now exiting
2021-01-27T22:26:38.072+0800 I CONTROL  [signalProcessingThread] shutting down with code:0
